# JRE version: Java(TM) SE Runtime Environment (8.0_144-b01) (build 1.8.0_144-b01)
# Java VM: Java HotSpot(TM) 64-Bit Server VM (25.144-b01 mixed mode linux-amd64 compressed oops)
Heap:
 PSYoungGen      total 590336K, used 311741K [0x000000076d100000, 0x0000000798280000, 0x00000007c0000000)
  eden space 542720K, 57% used [0x000000076d100000,0x000000078016f638,0x000000078e300000)
  from space 47616K, 0% used [0x0000000791c00000,0x0000000791c00000,0x0000000794a80000)
  to   space 58368K, 0% used [0x000000078e300000,0x000000078e300000,0x0000000791c00000)
 ParOldGen       total 434688K, used 95240K [0x00000006c7200000, 0x00000006e1a80000, 0x000000076d100000)
  object space 434688K, 21% used [0x00000006c7200000,0x00000006ccf02178,0x00000006e1a80000)
 Metaspace       used 100008K, capacity 110682K, committed 110848K, reserved 1144832K
  class space    used 12275K, capacity 15285K, committed 15360K, reserved 1048576K
GC Heap History (10 events):
Event: 3,188 GC heap before
{Heap before GC invocations=8 (full 2):
 PSYoungGen      total 425472K, used 15482K [0x000000076d100000, 0x0000000790900000, 0x00000007c0000000)
  eden space 409600K, 0% used [0x000000076d100000,0x000000076d100000,0x0000000786100000)
  from space 15872K, 97% used [0x000000078f980000,0x000000079089eb18,0x0000000790900000)
  to   space 49152K, 0% used [0x000000078a900000,0x000000078a900000,0x000000078d900000)
 ParOldGen       total 171008K, used 42833K [0x00000006c7200000, 0x00000006d1900000, 0x000000076d100000)
  object space 171008K, 25% used [0x00000006c7200000,0x00000006c9bd45d0,0x00000006d1900000)
 Metaspace       used 32060K, capacity 35426K, committed 35496K, reserved 1081344K
  class space    used 3632K, capacity 4593K, committed 4608K, reserved 1048576K
Event: 3,253 GC heap after
Heap after GC invocations=8 (full 2):
 PSYoungGen      total 425472K, used 0K [0x000000076d100000, 0x0000000790900000, 0x00000007c0000000)
  eden space 409600K, 0% used [0x000000076d100000,0x000000076d100000,0x0000000786100000)
  from space 15872K, 0% used [0x000000078f980000,0x000000078f980000,0x0000000790900000)
  to   space 49152K, 0% used [0x000000078a900000,0x000000078a900000,0x000000078d900000)
 ParOldGen       total 222720K, used 39851K [0x00000006c7200000, 0x00000006d4b80000, 0x000000076d100000)
  object space 222720K, 17% used [0x00000006c7200000,0x00000006c98eace8,0x00000006d4b80000)
 Metaspace       used 32060K, capacity 35426K, committed 35496K, reserved 1081344K
  class space    used 3632K, capacity 4593K, committed 4608K, reserved 1048576K
}
Event: 4,453 GC heap before
{Heap before GC invocations=9 (full 2):
 PSYoungGen      total 425472K, used 140303K [0x000000076d100000, 0x0000000790900000, 0x00000007c0000000)
  eden space 409600K, 34% used [0x000000076d100000,0x0000000775a03c58,0x0000000786100000)
  from space 15872K, 0% used [0x000000078f980000,0x000000078f980000,0x0000000790900000)
  to   space 49152K, 0% used [0x000000078a900000,0x000000078a900000,0x000000078d900000)
 ParOldGen       total 222720K, used 39851K [0x00000006c7200000, 0x00000006d4b80000, 0x000000076d100000)
  object space 222720K, 17% used [0x00000006c7200000,0x00000006c98eace8,0x00000006d4b80000)
 Metaspace       used 53151K, capacity 58932K, committed 59136K, reserved 1099776K
  class space    used 6173K, capacity 7930K, committed 7936K, reserved 1048576K
Event: 4,470 GC heap after
Heap after GC invocations=9 (full 2):
 PSYoungGen      total 532480K, used 29223K [0x000000076d100000, 0x0000000794a80000, 0x00000007c0000000)
  eden space 483328K, 0% used [0x000000076d100000,0x000000076d100000,0x000000078a900000)
  from space 49152K, 59% used [0x000000078a900000,0x000000078c589c68,0x000000078d900000)
  to   space 47616K, 0% used [0x0000000791c00000,0x0000000791c00000,0x0000000794a80000)
 ParOldGen       total 222720K, used 39859K [0x00000006c7200000, 0x00000006d4b80000, 0x000000076d100000)
  object space 222720K, 17% used [0x00000006c7200000,0x00000006c98ecce8,0x00000006d4b80000)
 Metaspace       used 53151K, capacity 58932K, committed 59136K, reserved 1099776K
  class space    used 6173K, capacity 7930K, committed 7936K, reserved 1048576K
}
Event: 4,470 GC heap before
{Heap before GC invocations=10 (full 3):
 PSYoungGen      total 532480K, used 29223K [0x000000076d100000, 0x0000000794a80000, 0x00000007c0000000)
  eden space 483328K, 0% used [0x000000076d100000,0x000000076d100000,0x000000078a900000)
  from space 49152K, 59% used [0x000000078a900000,0x000000078c589c68,0x000000078d900000)
  to   space 47616K, 0% used [0x0000000791c00000,0x0000000791c00000,0x0000000794a80000)
 ParOldGen       total 222720K, used 39859K [0x00000006c7200000, 0x00000006d4b80000, 0x000000076d100000)
  object space 222720K, 17% used [0x00000006c7200000,0x00000006c98ecce8,0x00000006d4b80000)
 Metaspace       used 53151K, capacity 58932K, committed 59136K, reserved 1099776K
  class space    used 6173K, capacity 7930K, committed 7936K, reserved 1048576K
Event: 4,698 GC heap after
Heap after GC invocations=10 (full 3):
 PSYoungGen      total 532480K, used 0K [0x000000076d100000, 0x0000000794a80000, 0x00000007c0000000)
  eden space 483328K, 0% used [0x000000076d100000,0x000000076d100000,0x000000078a900000)
  from space 49152K, 0% used [0x000000078a900000,0x000000078a900000,0x000000078d900000)
  to   space 47616K, 0% used [0x0000000791c00000,0x0000000791c00000,0x0000000794a80000)
 ParOldGen       total 306176K, used 58694K [0x00000006c7200000, 0x00000006d9d00000, 0x000000076d100000)
  object space 306176K, 19% used [0x00000006c7200000,0x00000006cab51b10,0x00000006d9d00000)
 Metaspace       used 53150K, capacity 58930K, committed 59136K, reserved 1099776K
  class space    used 6172K, capacity 7929K, committed 7936K, reserved 1048576K
}
Event: 6,887 GC heap before
{Heap before GC invocations=11 (full 3):
 PSYoungGen      total 532480K, used 268497K [0x000000076d100000, 0x0000000794a80000, 0x00000007c0000000)
  eden space 483328K, 55% used [0x000000076d100000,0x000000077d7347d0,0x000000078a900000)
  from space 49152K, 0% used [0x000000078a900000,0x000000078a900000,0x000000078d900000)
  to   space 47616K, 0% used [0x0000000791c00000,0x0000000791c00000,0x0000000794a80000)
 ParOldGen       total 306176K, used 58694K [0x00000006c7200000, 0x00000006d9d00000, 0x000000076d100000)
  object space 306176K, 19% used [0x00000006c7200000,0x00000006cab51b10,0x00000006d9d00000)
 Metaspace       used 88408K, capacity 98344K, committed 98560K, reserved 1134592K
  class space    used 10980K, capacity 13812K, committed 13824K, reserved 1048576K
Event: 6,918 GC heap after
Heap after GC invocations=11 (full 3):
 PSYoungGen      total 590336K, used 47599K [0x000000076d100000, 0x0000000798280000, 0x00000007c0000000)
  eden space 542720K, 0% used [0x000000076d100000,0x000000076d100000,0x000000078e300000)
  from space 47616K, 99% used [0x0000000791c00000,0x0000000794a7bc68,0x0000000794a80000)
  to   space 58368K, 0% used [0x000000078e300000,0x000000078e300000,0x0000000791c00000)
 ParOldGen       total 306176K, used 66964K [0x00000006c7200000, 0x00000006d9d00000, 0x000000076d100000)
  object space 306176K, 21% used [0x00000006c7200000,0x00000006cb3650f0,0x00000006d9d00000)
 Metaspace       used 88408K, capacity 98344K, committed 98560K, reserved 1134592K
  class space    used 10980K, capacity 13812K, committed 13824K, reserved 1048576K
}
Event: 6,918 GC heap before
{Heap before GC invocations=12 (full 4):
 PSYoungGen      total 590336K, used 47599K [0x000000076d100000, 0x0000000798280000, 0x00000007c0000000)
  eden space 542720K, 0% used [0x000000076d100000,0x000000076d100000,0x000000078e300000)
  from space 47616K, 99% used [0x0000000791c00000,0x0000000794a7bc68,0x0000000794a80000)
  to   space 58368K, 0% used [0x000000078e300000,0x000000078e300000,0x0000000791c00000)
 ParOldGen       total 306176K, used 66964K [0x00000006c7200000, 0x00000006d9d00000, 0x000000076d100000)
  object space 306176K, 21% used [0x00000006c7200000,0x00000006cb3650f0,0x00000006d9d00000)
 Metaspace       used 88408K, capacity 98344K, committed 98560K, reserved 1134592K
  class space    used 10980K, capacity 13812K, committed 13824K, reserved 1048576K
Event: 6,997 GC heap after
Heap after GC invocations=12 (full 4):
 PSYoungGen      total 590336K, used 0K [0x000000076d100000, 0x0000000798280000, 0x00000007c0000000)
  eden space 542720K, 0% used [0x000000076d100000,0x000000076d100000,0x000000078e300000)
  from space 47616K, 0% used [0x0000000791c00000,0x0000000791c00000,0x0000000794a80000)
  to   space 58368K, 0% used [0x000000078e300000,0x000000078e300000,0x0000000791c00000)
 ParOldGen       total 434688K, used 95240K [0x00000006c7200000, 0x00000006e1a80000, 0x000000076d100000)
  object space 434688K, 21% used [0x00000006c7200000,0x00000006ccf02178,0x00000006e1a80000)
 Metaspace       used 88408K, capacity 98344K, committed 98560K, reserved 1134592K
  class space    used 10980K, capacity 13812K, committed 13824K, reserved 1048576K
}

