# JRE version: Java(TM) SE Runtime Environment (8.0_144-b01) (build 1.8.0_144-b01)
# Java VM: Java HotSpot(TM) 64-Bit Server VM (25.144-b01 mixed mode linux-amd64 compressed oops)
Heap:
 PSYoungGen      total 952320K, used 343012K [0x000000076d100000, 0x00000007a9c80000, 0x00000007c0000000)
  eden space 913920K, 35% used [0x000000076d100000,0x0000000780c583f8,0x00000007a4d80000)
  from space 38400K, 52% used [0x00000007a7700000,0x00000007a8aa0c90,0x00000007a9c80000)
  to   space 40448K, 0% used [0x00000007a4d80000,0x00000007a4d80000,0x00000007a7500000)
 ParOldGen       total 423424K, used 95589K [0x00000006c7200000, 0x00000006e0f80000, 0x000000076d100000)
  object space 423424K, 22% used [0x00000006c7200000,0x00000006ccf595d0,0x00000006e0f80000)
 Metaspace       used 108875K, capacity 120030K, committed 120320K, reserved 1153024K
  class space    used 12736K, capacity 15829K, committed 15872K, reserved 1048576K
GC Heap History (10 events):
Event: 21,568 GC heap before
{Heap before GC invocations=20 (full 4):
 PSYoungGen      total 799744K, used 765827K [0x000000076d100000, 0x00000007a4c80000, 0x00000007c0000000)
  eden space 748032K, 100% used [0x000000076d100000,0x000000079ab80000,0x000000079ab80000)
  from space 51712K, 34% used [0x000000079ab80000,0x000000079bce0e28,0x000000079de00000)
  to   space 49664K, 0% used [0x00000007a1c00000,0x00000007a1c00000,0x00000007a4c80000)
 ParOldGen       total 423424K, used 95549K [0x00000006c7200000, 0x00000006e0f80000, 0x000000076d100000)
  object space 423424K, 22% used [0x00000006c7200000,0x00000006ccf4f5d0,0x00000006e0f80000)
 Metaspace       used 106443K, capacity 117630K, committed 117760K, reserved 1150976K
  class space    used 12505K, capacity 15534K, committed 15616K, reserved 1048576K
Event: 21,584 GC heap after
Heap after GC invocations=20 (full 4):
 PSYoungGen      total 860160K, used 17247K [0x000000076d100000, 0x00000007a4900000, 0x00000007c0000000)
  eden space 814080K, 0% used [0x000000076d100000,0x000000076d100000,0x000000079ec00000)
  from space 46080K, 37% used [0x00000007a1c00000,0x00000007a2cd7c48,0x00000007a4900000)
  to   space 47616K, 0% used [0x000000079ec00000,0x000000079ec00000,0x00000007a1a80000)
 ParOldGen       total 423424K, used 95557K [0x00000006c7200000, 0x00000006e0f80000, 0x000000076d100000)
  object space 423424K, 22% used [0x00000006c7200000,0x00000006ccf515d0,0x00000006e0f80000)
 Metaspace       used 106443K, capacity 117630K, committed 117760K, reserved 1150976K
  class space    used 12505K, capacity 15534K, committed 15616K, reserved 1048576K
}
Event: 22,900 GC heap before
{Heap before GC invocations=21 (full 4):
 PSYoungGen      total 860160K, used 831327K [0x000000076d100000, 0x00000007a4900000, 0x00000007c0000000)
  eden space 814080K, 100% used [0x000000076d100000,0x000000079ec00000,0x000000079ec00000)
  from space 46080K, 37% used [0x00000007a1c00000,0x00000007a2cd7c48,0x00000007a4900000)
  to   space 47616K, 0% used [0x000000079ec00000,0x000000079ec00000,0x00000007a1a80000)
 ParOldGen       total 423424K, used 95557K [0x00000006c7200000, 0x00000006e0f80000, 0x000000076d100000)
  object space 423424K, 22% used [0x00000006c7200000,0x00000006ccf515d0,0x00000006e0f80000)
 Metaspace       used 106563K, capacity 117674K, committed 117760K, reserved 1150976K
  class space    used 12518K, capacity 15542K, committed 15616K, reserved 1048576K
Event: 22,916 GC heap after
Heap after GC invocations=21 (full 4):
 PSYoungGen      total 861696K, used 17863K [0x000000076d100000, 0x00000007a7500000, 0x00000007c0000000)
  eden space 814080K, 0% used [0x000000076d100000,0x000000076d100000,0x000000079ec00000)
  from space 47616K, 37% used [0x000000079ec00000,0x000000079fd71c50,0x00000007a1a80000)
  to   space 46080K, 0% used [0x00000007a4800000,0x00000007a4800000,0x00000007a7500000)
 ParOldGen       total 423424K, used 95565K [0x00000006c7200000, 0x00000006e0f80000, 0x000000076d100000)
  object space 423424K, 22% used [0x00000006c7200000,0x00000006ccf535d0,0x00000006e0f80000)
 Metaspace       used 106563K, capacity 117674K, committed 117760K, reserved 1150976K
  class space    used 12518K, capacity 15542K, committed 15616K, reserved 1048576K
}
Event: 24,521 GC heap before
{Heap before GC invocations=22 (full 4):
 PSYoungGen      total 861696K, used 831943K [0x000000076d100000, 0x00000007a7500000, 0x00000007c0000000)
  eden space 814080K, 100% used [0x000000076d100000,0x000000079ec00000,0x000000079ec00000)
  from space 47616K, 37% used [0x000000079ec00000,0x000000079fd71c50,0x00000007a1a80000)
  to   space 46080K, 0% used [0x00000007a4800000,0x00000007a4800000,0x00000007a7500000)
 ParOldGen       total 423424K, used 95565K [0x00000006c7200000, 0x00000006e0f80000, 0x000000076d100000)
  object space 423424K, 22% used [0x00000006c7200000,0x00000006ccf535d0,0x00000006e0f80000)
 Metaspace       used 106697K, capacity 117888K, committed 118016K, reserved 1150976K
  class space    used 12518K, capacity 15543K, committed 15616K, reserved 1048576K
Event: 24,541 GC heap after
Heap after GC invocations=22 (full 4):
 PSYoungGen      total 905216K, used 17453K [0x000000076d100000, 0x00000007a7180000, 0x00000007c0000000)
  eden space 862720K, 0% used [0x000000076d100000,0x000000076d100000,0x00000007a1b80000)
  from space 42496K, 41% used [0x00000007a4800000,0x00000007a590b5c8,0x00000007a7180000)
  to   space 44032K, 0% used [0x00000007a1b80000,0x00000007a1b80000,0x00000007a4680000)
 ParOldGen       total 423424K, used 95573K [0x00000006c7200000, 0x00000006e0f80000, 0x000000076d100000)
  object space 423424K, 22% used [0x00000006c7200000,0x00000006ccf555d0,0x00000006e0f80000)
 Metaspace       used 106697K, capacity 117888K, committed 118016K, reserved 1150976K
  class space    used 12518K, capacity 15543K, committed 15616K, reserved 1048576K
}
Event: 26,199 GC heap before
{Heap before GC invocations=23 (full 4):
 PSYoungGen      total 905216K, used 880173K [0x000000076d100000, 0x00000007a7180000, 0x00000007c0000000)
  eden space 862720K, 100% used [0x000000076d100000,0x00000007a1b80000,0x00000007a1b80000)
  from space 42496K, 41% used [0x00000007a4800000,0x00000007a590b5c8,0x00000007a7180000)
  to   space 44032K, 0% used [0x00000007a1b80000,0x00000007a1b80000,0x00000007a4680000)
 ParOldGen       total 423424K, used 95573K [0x00000006c7200000, 0x00000006e0f80000, 0x000000076d100000)
  object space 423424K, 22% used [0x00000006c7200000,0x00000006ccf555d0,0x00000006e0f80000)
 Metaspace       used 106866K, capacity 117980K, committed 118272K, reserved 1153024K
  class space    used 12522K, capacity 15547K, committed 15616K, reserved 1048576K
Event: 26,218 GC heap after
Heap after GC invocations=23 (full 4):
 PSYoungGen      total 906752K, used 18072K [0x000000076d100000, 0x00000007aa080000, 0x00000007c0000000)
  eden space 862720K, 0% used [0x000000076d100000,0x000000076d100000,0x00000007a1b80000)
  from space 44032K, 41% used [0x00000007a1b80000,0x00000007a2d26090,0x00000007a4680000)
  to   space 42496K, 0% used [0x00000007a7700000,0x00000007a7700000,0x00000007aa080000)
 ParOldGen       total 423424K, used 95581K [0x00000006c7200000, 0x00000006e0f80000, 0x000000076d100000)
  object space 423424K, 22% used [0x00000006c7200000,0x00000006ccf575d0,0x00000006e0f80000)
 Metaspace       used 106866K, capacity 117980K, committed 118272K, reserved 1153024K
  class space    used 12522K, capacity 15547K, committed 15616K, reserved 1048576K
}
Event: 28,048 GC heap before
{Heap before GC invocations=24 (full 4):
 PSYoungGen      total 906752K, used 880792K [0x000000076d100000, 0x00000007aa080000, 0x00000007c0000000)
  eden space 862720K, 100% used [0x000000076d100000,0x00000007a1b80000,0x00000007a1b80000)
  from space 44032K, 41% used [0x00000007a1b80000,0x00000007a2d26090,0x00000007a4680000)
  to   space 42496K, 0% used [0x00000007a7700000,0x00000007a7700000,0x00000007aa080000)
 ParOldGen       total 423424K, used 95581K [0x00000006c7200000, 0x00000006e0f80000, 0x000000076d100000)
  object space 423424K, 22% used [0x00000006c7200000,0x00000006ccf575d0,0x00000006e0f80000)
 Metaspace       used 107104K, capacity 118242K, committed 118528K, reserved 1153024K
  class space    used 12541K, capacity 15578K, committed 15616K, reserved 1048576K
Event: 28,070 GC heap after
Heap after GC invocations=24 (full 4):
 PSYoungGen      total 952320K, used 20099K [0x000000076d100000, 0x00000007a9c80000, 0x00000007c0000000)
  eden space 913920K, 0% used [0x000000076d100000,0x000000076d100000,0x00000007a4d80000)
  from space 38400K, 52% used [0x00000007a7700000,0x00000007a8aa0c90,0x00000007a9c80000)
  to   space 40448K, 0% used [0x00000007a4d80000,0x00000007a4d80000,0x00000007a7500000)
 ParOldGen       total 423424K, used 95589K [0x00000006c7200000, 0x00000006e0f80000, 0x000000076d100000)
  object space 423424K, 22% used [0x00000006c7200000,0x00000006ccf595d0,0x00000006e0f80000)
 Metaspace       used 107104K, capacity 118242K, committed 118528K, reserved 1153024K
  class space    used 12541K, capacity 15578K, committed 15616K, reserved 1048576K
}

