# JRE version: Java(TM) SE Runtime Environment (8.0_144-b01) (build 1.8.0_144-b01)
# Java VM: Java HotSpot(TM) 64-Bit Server VM (25.144-b01 mixed mode linux-amd64 compressed oops)
Heap:
 PSYoungGen      total 620544K, used 338232K [0x000000076d100000, 0x0000000798800000, 0x00000007c0000000)
  eden space 572928K, 59% used [0x000000076d100000,0x0000000781b4e388,0x0000000790080000)
  from space 47616K, 0% used [0x0000000793900000,0x0000000793900000,0x0000000796780000)
  to   space 57856K, 0% used [0x0000000790080000,0x0000000790080000,0x0000000793900000)
 ParOldGen       total 417280K, used 95361K [0x00000006c7200000, 0x00000006e0980000, 0x000000076d100000)
  object space 417280K, 22% used [0x00000006c7200000,0x00000006ccf20468,0x00000006e0980000)
 Metaspace       used 99840K, capacity 110280K, committed 110504K, reserved 1144832K
  class space    used 12256K, capacity 15220K, committed 15272K, reserved 1048576K
GC Heap History (10 events):
Event: 3,487 GC heap before
{Heap before GC invocations=8 (full 2):
 PSYoungGen      total 438784K, used 15508K [0x000000076d100000, 0x0000000790900000, 0x00000007c0000000)
  eden space 422912K, 0% used [0x000000076d100000,0x000000076d100000,0x0000000786e00000)
  from space 15872K, 97% used [0x000000078f980000,0x00000007908a53a8,0x0000000790900000)
  to   space 48640K, 0% used [0x000000078aa00000,0x000000078aa00000,0x000000078d980000)
 ParOldGen       total 167424K, used 42821K [0x00000006c7200000, 0x00000006d1580000, 0x000000076d100000)
  object space 167424K, 25% used [0x00000006c7200000,0x00000006c9bd1700,0x00000006d1580000)
 Metaspace       used 32079K, capacity 35426K, committed 35496K, reserved 1081344K
  class space    used 3638K, capacity 4593K, committed 4608K, reserved 1048576K
Event: 3,546 GC heap after
Heap after GC invocations=8 (full 2):
 PSYoungGen      total 438784K, used 0K [0x000000076d100000, 0x0000000790900000, 0x00000007c0000000)
  eden space 422912K, 0% used [0x000000076d100000,0x000000076d100000,0x0000000786e00000)
  from space 15872K, 0% used [0x000000078f980000,0x000000078f980000,0x0000000790900000)
  to   space 48640K, 0% used [0x000000078aa00000,0x000000078aa00000,0x000000078d980000)
 ParOldGen       total 215040K, used 39819K [0x00000006c7200000, 0x00000006d4400000, 0x000000076d100000)
  object space 215040K, 18% used [0x00000006c7200000,0x00000006c98e2e68,0x00000006d4400000)
 Metaspace       used 32079K, capacity 35426K, committed 35496K, reserved 1081344K
  class space    used 3638K, capacity 4593K, committed 4608K, reserved 1048576K
}
Event: 4,790 GC heap before
{Heap before GC invocations=9 (full 2):
 PSYoungGen      total 438784K, used 137125K [0x000000076d100000, 0x0000000790900000, 0x00000007c0000000)
  eden space 422912K, 32% used [0x000000076d100000,0x00000007756e96d8,0x0000000786e00000)
  from space 15872K, 0% used [0x000000078f980000,0x000000078f980000,0x0000000790900000)
  to   space 48640K, 0% used [0x000000078aa00000,0x000000078aa00000,0x000000078d980000)
 ParOldGen       total 215040K, used 39819K [0x00000006c7200000, 0x00000006d4400000, 0x000000076d100000)
  object space 215040K, 18% used [0x00000006c7200000,0x00000006c98e2e68,0x00000006d4400000)
 Metaspace       used 53208K, capacity 59030K, committed 59160K, reserved 1099776K
  class space    used 6166K, capacity 7984K, committed 8064K, reserved 1048576K
Event: 4,806 GC heap after
Heap after GC invocations=9 (full 2):
 PSYoungGen      total 532992K, used 29108K [0x000000076d100000, 0x0000000796780000, 0x00000007c0000000)
  eden space 484352K, 0% used [0x000000076d100000,0x000000076d100000,0x000000078aa00000)
  from space 48640K, 59% used [0x000000078aa00000,0x000000078c66d2e8,0x000000078d980000)
  to   space 47616K, 0% used [0x0000000793900000,0x0000000793900000,0x0000000796780000)
 ParOldGen       total 215040K, used 39827K [0x00000006c7200000, 0x00000006d4400000, 0x000000076d100000)
  object space 215040K, 18% used [0x00000006c7200000,0x00000006c98e4e68,0x00000006d4400000)
 Metaspace       used 53208K, capacity 59030K, committed 59160K, reserved 1099776K
  class space    used 6166K, capacity 7984K, committed 8064K, reserved 1048576K
}
Event: 4,806 GC heap before
{Heap before GC invocations=10 (full 3):
 PSYoungGen      total 532992K, used 29108K [0x000000076d100000, 0x0000000796780000, 0x00000007c0000000)
  eden space 484352K, 0% used [0x000000076d100000,0x000000076d100000,0x000000078aa00000)
  from space 48640K, 59% used [0x000000078aa00000,0x000000078c66d2e8,0x000000078d980000)
  to   space 47616K, 0% used [0x0000000793900000,0x0000000793900000,0x0000000796780000)
 ParOldGen       total 215040K, used 39827K [0x00000006c7200000, 0x00000006d4400000, 0x000000076d100000)
  object space 215040K, 18% used [0x00000006c7200000,0x00000006c98e4e68,0x00000006d4400000)
 Metaspace       used 53208K, capacity 59030K, committed 59160K, reserved 1099776K
  class space    used 6166K, capacity 7984K, committed 8064K, reserved 1048576K
Event: 5,054 GC heap after
Heap after GC invocations=10 (full 3):
 PSYoungGen      total 532992K, used 0K [0x000000076d100000, 0x0000000796780000, 0x00000007c0000000)
  eden space 484352K, 0% used [0x000000076d100000,0x000000076d100000,0x000000078aa00000)
  from space 48640K, 0% used [0x000000078aa00000,0x000000078aa00000,0x000000078d980000)
  to   space 47616K, 0% used [0x0000000793900000,0x0000000793900000,0x0000000796780000)
 ParOldGen       total 294912K, used 58746K [0x00000006c7200000, 0x00000006d9200000, 0x000000076d100000)
  object space 294912K, 19% used [0x00000006c7200000,0x00000006cab5e8b0,0x00000006d9200000)
 Metaspace       used 53206K, capacity 59024K, committed 59160K, reserved 1099776K
  class space    used 6166K, capacity 7983K, committed 8064K, reserved 1048576K
}
Event: 7,184 GC heap before
{Heap before GC invocations=11 (full 3):
 PSYoungGen      total 532992K, used 266031K [0x000000076d100000, 0x0000000796780000, 0x00000007c0000000)
  eden space 484352K, 54% used [0x000000076d100000,0x000000077d4cbe00,0x000000078aa00000)
  from space 48640K, 0% used [0x000000078aa00000,0x000000078aa00000,0x000000078d980000)
  to   space 47616K, 0% used [0x0000000793900000,0x0000000793900000,0x0000000796780000)
 ParOldGen       total 294912K, used 58746K [0x00000006c7200000, 0x00000006d9200000, 0x000000076d100000)
  object space 294912K, 19% used [0x00000006c7200000,0x00000006cab5e8b0,0x00000006d9200000)
 Metaspace       used 88503K, capacity 98562K, committed 98600K, reserved 1134592K
  class space    used 10989K, capacity 13843K, committed 13864K, reserved 1048576K
Event: 7,224 GC heap after
Heap after GC invocations=11 (full 3):
 PSYoungGen      total 620544K, used 47596K [0x000000076d100000, 0x0000000798800000, 0x00000007c0000000)
  eden space 572928K, 0% used [0x000000076d100000,0x000000076d100000,0x0000000790080000)
  from space 47616K, 99% used [0x0000000793900000,0x000000079677b038,0x0000000796780000)
  to   space 57856K, 0% used [0x0000000790080000,0x0000000790080000,0x0000000793900000)
 ParOldGen       total 294912K, used 67217K [0x00000006c7200000, 0x00000006d9200000, 0x000000076d100000)
  object space 294912K, 22% used [0x00000006c7200000,0x00000006cb3a4530,0x00000006d9200000)
 Metaspace       used 88503K, capacity 98562K, committed 98600K, reserved 1134592K
  class space    used 10989K, capacity 13843K, committed 13864K, reserved 1048576K
}
Event: 7,224 GC heap before
{Heap before GC invocations=12 (full 4):
 PSYoungGen      total 620544K, used 47596K [0x000000076d100000, 0x0000000798800000, 0x00000007c0000000)
  eden space 572928K, 0% used [0x000000076d100000,0x000000076d100000,0x0000000790080000)
  from space 47616K, 99% used [0x0000000793900000,0x000000079677b038,0x0000000796780000)
  to   space 57856K, 0% used [0x0000000790080000,0x0000000790080000,0x0000000793900000)
 ParOldGen       total 294912K, used 67217K [0x00000006c7200000, 0x00000006d9200000, 0x000000076d100000)
  object space 294912K, 22% used [0x00000006c7200000,0x00000006cb3a4530,0x00000006d9200000)
 Metaspace       used 88503K, capacity 98562K, committed 98600K, reserved 1134592K
  class space    used 10989K, capacity 13843K, committed 13864K, reserved 1048576K
Event: 7,310 GC heap after
Heap after GC invocations=12 (full 4):
 PSYoungGen      total 620544K, used 0K [0x000000076d100000, 0x0000000798800000, 0x00000007c0000000)
  eden space 572928K, 0% used [0x000000076d100000,0x000000076d100000,0x0000000790080000)
  from space 47616K, 0% used [0x0000000793900000,0x0000000793900000,0x0000000796780000)
  to   space 57856K, 0% used [0x0000000790080000,0x0000000790080000,0x0000000793900000)
 ParOldGen       total 417280K, used 95361K [0x00000006c7200000, 0x00000006e0980000, 0x000000076d100000)
  object space 417280K, 22% used [0x00000006c7200000,0x00000006ccf20468,0x00000006e0980000)
 Metaspace       used 88503K, capacity 98562K, committed 98600K, reserved 1134592K
  class space    used 10989K, capacity 13843K, committed 13864K, reserved 1048576K
}

