# JRE version: Java(TM) SE Runtime Environment (8.0_144-b01) (build 1.8.0_144-b01)
# Java VM: Java HotSpot(TM) 64-Bit Server VM (25.144-b01 mixed mode linux-amd64 compressed oops)
Heap:
 PSYoungGen      total 563712K, used 292830K [0x000000076d100000, 0x0000000797900000, 0x00000007c0000000)
  eden space 516608K, 56% used [0x000000076d100000,0x000000077eef79f0,0x000000078c980000)
  from space 47104K, 0% used [0x0000000790200000,0x0000000790200000,0x0000000793000000)
  to   space 57856K, 0% used [0x000000078c980000,0x000000078c980000,0x0000000790200000)
 ParOldGen       total 457216K, used 94999K [0x00000006c7200000, 0x00000006e3080000, 0x000000076d100000)
  object space 457216K, 20% used [0x00000006c7200000,0x00000006ccec5e70,0x00000006e3080000)
 Metaspace       used 99887K, capacity 110344K, committed 110464K, reserved 1144832K
  class space    used 12259K, capacity 15220K, committed 15232K, reserved 1048576K
GC Heap History (10 events):
Event: 3,765 GC heap before
{Heap before GC invocations=8 (full 2):
 PSYoungGen      total 417792K, used 15622K [0x000000076d100000, 0x0000000790880000, 0x00000007c0000000)
  eden space 401920K, 0% used [0x000000076d100000,0x000000076d100000,0x0000000785980000)
  from space 15872K, 98% used [0x000000078f900000,0x0000000790841860,0x0000000790880000)
  to   space 48640K, 0% used [0x000000078a980000,0x000000078a980000,0x000000078d900000)
 ParOldGen       total 172544K, used 42696K [0x00000006c7200000, 0x00000006d1a80000, 0x000000076d100000)
  object space 172544K, 24% used [0x00000006c7200000,0x00000006c9bb22f0,0x00000006d1a80000)
 Metaspace       used 32133K, capacity 35434K, committed 35496K, reserved 1081344K
  class space    used 3636K, capacity 4593K, committed 4608K, reserved 1048576K
Event: 3,827 GC heap after
Heap after GC invocations=8 (full 2):
 PSYoungGen      total 417792K, used 0K [0x000000076d100000, 0x0000000790880000, 0x00000007c0000000)
  eden space 401920K, 0% used [0x000000076d100000,0x000000076d100000,0x0000000785980000)
  from space 15872K, 0% used [0x000000078f900000,0x000000078f900000,0x0000000790880000)
  to   space 48640K, 0% used [0x000000078a980000,0x000000078a980000,0x000000078d900000)
 ParOldGen       total 230400K, used 39991K [0x00000006c7200000, 0x00000006d5300000, 0x000000076d100000)
  object space 230400K, 17% used [0x00000006c7200000,0x00000006c990deb8,0x00000006d5300000)
 Metaspace       used 32133K, capacity 35434K, committed 35496K, reserved 1081344K
  class space    used 3636K, capacity 4593K, committed 4608K, reserved 1048576K
}
Event: 5,091 GC heap before
{Heap before GC invocations=9 (full 2):
 PSYoungGen      total 417792K, used 136980K [0x000000076d100000, 0x0000000790880000, 0x00000007c0000000)
  eden space 401920K, 34% used [0x000000076d100000,0x00000007756c5100,0x0000000785980000)
  from space 15872K, 0% used [0x000000078f900000,0x000000078f900000,0x0000000790880000)
  to   space 48640K, 0% used [0x000000078a980000,0x000000078a980000,0x000000078d900000)
 ParOldGen       total 230400K, used 39991K [0x00000006c7200000, 0x00000006d5300000, 0x000000076d100000)
  object space 230400K, 17% used [0x00000006c7200000,0x00000006c990deb8,0x00000006d5300000)
 Metaspace       used 53200K, capacity 58994K, committed 59136K, reserved 1099776K
  class space    used 6169K, capacity 7929K, committed 7936K, reserved 1048576K
Event: 5,108 GC heap after
Heap after GC invocations=9 (full 2):
 PSYoungGen      total 532480K, used 28984K [0x000000076d100000, 0x0000000793000000, 0x00000007c0000000)
  eden space 483840K, 0% used [0x000000076d100000,0x000000076d100000,0x000000078a980000)
  from space 48640K, 59% used [0x000000078a980000,0x000000078c5ce1d0,0x000000078d900000)
  to   space 47104K, 0% used [0x0000000790200000,0x0000000790200000,0x0000000793000000)
 ParOldGen       total 230400K, used 39999K [0x00000006c7200000, 0x00000006d5300000, 0x000000076d100000)
  object space 230400K, 17% used [0x00000006c7200000,0x00000006c990feb8,0x00000006d5300000)
 Metaspace       used 53200K, capacity 58994K, committed 59136K, reserved 1099776K
  class space    used 6169K, capacity 7929K, committed 7936K, reserved 1048576K
}
Event: 5,108 GC heap before
{Heap before GC invocations=10 (full 3):
 PSYoungGen      total 532480K, used 28984K [0x000000076d100000, 0x0000000793000000, 0x00000007c0000000)
  eden space 483840K, 0% used [0x000000076d100000,0x000000076d100000,0x000000078a980000)
  from space 48640K, 59% used [0x000000078a980000,0x000000078c5ce1d0,0x000000078d900000)
  to   space 47104K, 0% used [0x0000000790200000,0x0000000790200000,0x0000000793000000)
 ParOldGen       total 230400K, used 39999K [0x00000006c7200000, 0x00000006d5300000, 0x000000076d100000)
  object space 230400K, 17% used [0x00000006c7200000,0x00000006c990feb8,0x00000006d5300000)
 Metaspace       used 53200K, capacity 58994K, committed 59136K, reserved 1099776K
  class space    used 6169K, capacity 7929K, committed 7936K, reserved 1048576K
Event: 5,311 GC heap after
Heap after GC invocations=10 (full 3):
 PSYoungGen      total 532480K, used 0K [0x000000076d100000, 0x0000000793000000, 0x00000007c0000000)
  eden space 483840K, 0% used [0x000000076d100000,0x000000076d100000,0x000000078a980000)
  from space 48640K, 0% used [0x000000078a980000,0x000000078a980000,0x000000078d900000)
  to   space 47104K, 0% used [0x0000000790200000,0x0000000790200000,0x0000000793000000)
 ParOldGen       total 319488K, used 58600K [0x00000006c7200000, 0x00000006daa00000, 0x000000076d100000)
  object space 319488K, 18% used [0x00000006c7200000,0x00000006cab3a240,0x00000006daa00000)
 Metaspace       used 53200K, capacity 58994K, committed 59136K, reserved 1099776K
  class space    used 6169K, capacity 7929K, committed 7936K, reserved 1048576K
}
Event: 7,617 GC heap before
{Heap before GC invocations=11 (full 3):
 PSYoungGen      total 532480K, used 267527K [0x000000076d100000, 0x0000000793000000, 0x00000007c0000000)
  eden space 483840K, 55% used [0x000000076d100000,0x000000077d641c68,0x000000078a980000)
  from space 48640K, 0% used [0x000000078a980000,0x000000078a980000,0x000000078d900000)
  to   space 47104K, 0% used [0x0000000790200000,0x0000000790200000,0x0000000793000000)
 ParOldGen       total 319488K, used 58600K [0x00000006c7200000, 0x00000006daa00000, 0x000000076d100000)
  object space 319488K, 18% used [0x00000006c7200000,0x00000006cab3a240,0x00000006daa00000)
 Metaspace       used 88466K, capacity 98450K, committed 98560K, reserved 1134592K
  class space    used 10982K, capacity 13811K, committed 13824K, reserved 1048576K
Event: 7,649 GC heap after
Heap after GC invocations=11 (full 3):
 PSYoungGen      total 563712K, used 47099K [0x000000076d100000, 0x0000000797900000, 0x00000007c0000000)
  eden space 516608K, 0% used [0x000000076d100000,0x000000076d100000,0x000000078c980000)
  from space 47104K, 99% used [0x0000000790200000,0x0000000792ffed90,0x0000000793000000)
  to   space 57856K, 0% used [0x000000078c980000,0x000000078c980000,0x0000000790200000)
 ParOldGen       total 319488K, used 67360K [0x00000006c7200000, 0x00000006daa00000, 0x000000076d100000)
  object space 319488K, 21% used [0x00000006c7200000,0x00000006cb3c8000,0x00000006daa00000)
 Metaspace       used 88466K, capacity 98450K, committed 98560K, reserved 1134592K
  class space    used 10982K, capacity 13811K, committed 13824K, reserved 1048576K
}
Event: 7,649 GC heap before
{Heap before GC invocations=12 (full 4):
 PSYoungGen      total 563712K, used 47099K [0x000000076d100000, 0x0000000797900000, 0x00000007c0000000)
  eden space 516608K, 0% used [0x000000076d100000,0x000000076d100000,0x000000078c980000)
  from space 47104K, 99% used [0x0000000790200000,0x0000000792ffed90,0x0000000793000000)
  to   space 57856K, 0% used [0x000000078c980000,0x000000078c980000,0x0000000790200000)
 ParOldGen       total 319488K, used 67360K [0x00000006c7200000, 0x00000006daa00000, 0x000000076d100000)
  object space 319488K, 21% used [0x00000006c7200000,0x00000006cb3c8000,0x00000006daa00000)
 Metaspace       used 88466K, capacity 98450K, committed 98560K, reserved 1134592K
  class space    used 10982K, capacity 13811K, committed 13824K, reserved 1048576K
Event: 7,731 GC heap after
Heap after GC invocations=12 (full 4):
 PSYoungGen      total 563712K, used 0K [0x000000076d100000, 0x0000000797900000, 0x00000007c0000000)
  eden space 516608K, 0% used [0x000000076d100000,0x000000076d100000,0x000000078c980000)
  from space 47104K, 0% used [0x0000000790200000,0x0000000790200000,0x0000000793000000)
  to   space 57856K, 0% used [0x000000078c980000,0x000000078c980000,0x0000000790200000)
 ParOldGen       total 457216K, used 94999K [0x00000006c7200000, 0x00000006e3080000, 0x000000076d100000)
  object space 457216K, 20% used [0x00000006c7200000,0x00000006ccec5e70,0x00000006e3080000)
 Metaspace       used 88466K, capacity 98450K, committed 98560K, reserved 1134592K
  class space    used 10982K, capacity 13811K, committed 13824K, reserved 1048576K
}

