# JRE version: Java(TM) SE Runtime Environment (8.0_144-b01) (build 1.8.0_144-b01)
# Java VM: Java HotSpot(TM) 64-Bit Server VM (25.144-b01 mixed mode linux-amd64 compressed oops)
Heap:
 PSYoungGen      total 1079808K, used 482481K [0x000000076d200000, 0x00000007b3800000, 0x00000007c0000000)
  eden space 1012736K, 44% used [0x000000076d200000,0x00000007888f0478,0x00000007aaf00000)
  from space 67072K, 49% used [0x00000007aef00000,0x00000007b0f3bfa8,0x00000007b3080000)
  to   space 65536K, 0% used [0x00000007aaf00000,0x00000007aaf00000,0x00000007aef00000)
 ParOldGen       total 418816K, used 77417K [0x00000006c7600000, 0x00000006e0f00000, 0x000000076d200000)
  object space 418816K, 18% used [0x00000006c7600000,0x00000006cc19a408,0x00000006e0f00000)
 Metaspace       used 125092K, capacity 137592K, committed 137728K, reserved 1169408K
  class space    used 14836K, capacity 18371K, committed 18432K, reserved 1048576K
GC Heap History (10 events):
Event: 21,072 GC heap before
{Heap before GC invocations=26 (full 6):
 PSYoungGen      total 964096K, used 905611K [0x000000076d200000, 0x00000007ae900000, 0x00000007c0000000)
  eden space 893440K, 100% used [0x000000076d200000,0x00000007a3a80000,0x00000007a3a80000)
  from space 70656K, 17% used [0x00000007a3a80000,0x00000007a4662c98,0x00000007a7f80000)
  to   space 68096K, 0% used [0x00000007aa680000,0x00000007aa680000,0x00000007ae900000)
 ParOldGen       total 418816K, used 77385K [0x00000006c7600000, 0x00000006e0f00000, 0x000000076d200000)
  object space 418816K, 18% used [0x00000006c7600000,0x00000006cc192408,0x00000006e0f00000)
 Metaspace       used 118910K, capacity 130898K, committed 131072K, reserved 1163264K
  class space    used 14143K, capacity 17549K, committed 17664K, reserved 1048576K
Event: 21,080 GC heap after
Heap after GC invocations=26 (full 6):
 PSYoungGen      total 991744K, used 12359K [0x000000076d200000, 0x00000007ae080000, 0x00000007c0000000)
  eden space 932352K, 0% used [0x000000076d200000,0x000000076d200000,0x00000007a6080000)
  from space 59392K, 20% used [0x00000007aa680000,0x00000007ab291c80,0x00000007ae080000)
  to   space 65536K, 0% used [0x00000007a6080000,0x00000007a6080000,0x00000007aa080000)
 ParOldGen       total 418816K, used 77393K [0x00000006c7600000, 0x00000006e0f00000, 0x000000076d200000)
  object space 418816K, 18% used [0x00000006c7600000,0x00000006cc194408,0x00000006e0f00000)
 Metaspace       used 118910K, capacity 130898K, committed 131072K, reserved 1163264K
  class space    used 14143K, capacity 17549K, committed 17664K, reserved 1048576K
}
Event: 22,414 GC heap before
{Heap before GC invocations=27 (full 6):
 PSYoungGen      total 991744K, used 944711K [0x000000076d200000, 0x00000007ae080000, 0x00000007c0000000)
  eden space 932352K, 100% used [0x000000076d200000,0x00000007a6080000,0x00000007a6080000)
  from space 59392K, 20% used [0x00000007aa680000,0x00000007ab291c80,0x00000007ae080000)
  to   space 65536K, 0% used [0x00000007a6080000,0x00000007a6080000,0x00000007aa080000)
 ParOldGen       total 418816K, used 77393K [0x00000006c7600000, 0x00000006e0f00000, 0x000000076d200000)
  object space 418816K, 18% used [0x00000006c7600000,0x00000006cc194408,0x00000006e0f00000)
 Metaspace       used 119061K, capacity 131042K, committed 131328K, reserved 1163264K
  class space    used 14158K, capacity 17569K, committed 17664K, reserved 1048576K
Event: 22,423 GC heap after
Heap after GC invocations=27 (full 6):
 PSYoungGen      total 997888K, used 15122K [0x000000076d200000, 0x00000007b0000000, 0x00000007c0000000)
  eden space 932352K, 0% used [0x000000076d200000,0x000000076d200000,0x00000007a6080000)
  from space 65536K, 23% used [0x00000007a6080000,0x00000007a6f44998,0x00000007aa080000)
  to   space 62464K, 0% used [0x00000007ac300000,0x00000007ac300000,0x00000007b0000000)
 ParOldGen       total 418816K, used 77393K [0x00000006c7600000, 0x00000006e0f00000, 0x000000076d200000)
  object space 418816K, 18% used [0x00000006c7600000,0x00000006cc194408,0x00000006e0f00000)
 Metaspace       used 119061K, capacity 131042K, committed 131328K, reserved 1163264K
  class space    used 14158K, capacity 17569K, committed 17664K, reserved 1048576K
}
Event: 23,881 GC heap before
{Heap before GC invocations=28 (full 6):
 PSYoungGen      total 997888K, used 947474K [0x000000076d200000, 0x00000007b0000000, 0x00000007c0000000)
  eden space 932352K, 100% used [0x000000076d200000,0x00000007a6080000,0x00000007a6080000)
  from space 65536K, 23% used [0x00000007a6080000,0x00000007a6f44998,0x00000007aa080000)
  to   space 62464K, 0% used [0x00000007ac300000,0x00000007ac300000,0x00000007b0000000)
 ParOldGen       total 418816K, used 77393K [0x00000006c7600000, 0x00000006e0f00000, 0x000000076d200000)
  object space 418816K, 18% used [0x00000006c7600000,0x00000006cc194408,0x00000006e0f00000)
 Metaspace       used 121202K, capacity 133320K, committed 133376K, reserved 1165312K
  class space    used 14407K, capacity 17872K, committed 17920K, reserved 1048576K
Event: 23,910 GC heap after
Heap after GC invocations=28 (full 6):
 PSYoungGen      total 1025536K, used 52963K [0x000000076d200000, 0x00000007b1900000, 0x00000007c0000000)
  eden space 963072K, 0% used [0x000000076d200000,0x000000076d200000,0x00000007a7e80000)
  from space 62464K, 84% used [0x00000007ac300000,0x00000007af6b8f20,0x00000007b0000000)
  to   space 70144K, 0% used [0x00000007a7e80000,0x00000007a7e80000,0x00000007ac300000)
 ParOldGen       total 418816K, used 77401K [0x00000006c7600000, 0x00000006e0f00000, 0x000000076d200000)
  object space 418816K, 18% used [0x00000006c7600000,0x00000006cc196408,0x00000006e0f00000)
 Metaspace       used 121202K, capacity 133320K, committed 133376K, reserved 1165312K
  class space    used 14407K, capacity 17872K, committed 17920K, reserved 1048576K
}
Event: 25,278 GC heap before
{Heap before GC invocations=29 (full 6):
 PSYoungGen      total 1025536K, used 1016035K [0x000000076d200000, 0x00000007b1900000, 0x00000007c0000000)
  eden space 963072K, 100% used [0x000000076d200000,0x00000007a7e80000,0x00000007a7e80000)
  from space 62464K, 84% used [0x00000007ac300000,0x00000007af6b8f20,0x00000007b0000000)
  to   space 70144K, 0% used [0x00000007a7e80000,0x00000007a7e80000,0x00000007ac300000)
 ParOldGen       total 418816K, used 77401K [0x00000006c7600000, 0x00000006e0f00000, 0x000000076d200000)
  object space 418816K, 18% used [0x00000006c7600000,0x00000006cc196408,0x00000006e0f00000)
 Metaspace       used 121696K, capacity 133750K, committed 133888K, reserved 1165312K
  class space    used 14418K, capacity 17878K, committed 17920K, reserved 1048576K
Event: 25,291 GC heap after
Heap after GC invocations=29 (full 6):
 PSYoungGen      total 1033216K, used 28620K [0x000000076d200000, 0x00000007b3080000, 0x00000007c0000000)
  eden space 963072K, 0% used [0x000000076d200000,0x000000076d200000,0x00000007a7e80000)
  from space 70144K, 40% used [0x00000007a7e80000,0x00000007a9a73018,0x00000007ac300000)
  to   space 67072K, 0% used [0x00000007aef00000,0x00000007aef00000,0x00000007b3080000)
 ParOldGen       total 418816K, used 77409K [0x00000006c7600000, 0x00000006e0f00000, 0x000000076d200000)
  object space 418816K, 18% used [0x00000006c7600000,0x00000006cc198408,0x00000006e0f00000)
 Metaspace       used 121696K, capacity 133750K, committed 133888K, reserved 1165312K
  class space    used 14418K, capacity 17878K, committed 17920K, reserved 1048576K
}
Event: 26,494 GC heap before
{Heap before GC invocations=30 (full 6):
 PSYoungGen      total 1033216K, used 991692K [0x000000076d200000, 0x00000007b3080000, 0x00000007c0000000)
  eden space 963072K, 100% used [0x000000076d200000,0x00000007a7e80000,0x00000007a7e80000)
  from space 70144K, 40% used [0x00000007a7e80000,0x00000007a9a73018,0x00000007ac300000)
  to   space 67072K, 0% used [0x00000007aef00000,0x00000007aef00000,0x00000007b3080000)
 ParOldGen       total 418816K, used 77409K [0x00000006c7600000, 0x00000006e0f00000, 0x000000076d200000)
  object space 418816K, 18% used [0x00000006c7600000,0x00000006cc198408,0x00000006e0f00000)
 Metaspace       used 121981K, capacity 134228K, committed 134400K, reserved 1165312K
  class space    used 14419K, capacity 17881K, committed 17920K, reserved 1048576K
Event: 26,521 GC heap after
Heap after GC invocations=30 (full 6):
 PSYoungGen      total 1079808K, used 33007K [0x000000076d200000, 0x00000007b3800000, 0x00000007c0000000)
  eden space 1012736K, 0% used [0x000000076d200000,0x000000076d200000,0x00000007aaf00000)
  from space 67072K, 49% used [0x00000007aef00000,0x00000007b0f3bfa8,0x00000007b3080000)
  to   space 65536K, 0% used [0x00000007aaf00000,0x00000007aaf00000,0x00000007aef00000)
 ParOldGen       total 418816K, used 77417K [0x00000006c7600000, 0x00000006e0f00000, 0x000000076d200000)
  object space 418816K, 18% used [0x00000006c7600000,0x00000006cc19a408,0x00000006e0f00000)
 Metaspace       used 121981K, capacity 134228K, committed 134400K, reserved 1165312K
  class space    used 14419K, capacity 17881K, committed 17920K, reserved 1048576K
}

