# JRE version: Java(TM) SE Runtime Environment (8.0_144-b01) (build 1.8.0_144-b01)
# Java VM: Java HotSpot(TM) 64-Bit Server VM (25.144-b01 mixed mode linux-amd64 compressed oops)
Heap:
 PSYoungGen      total 580096K, used 288473K [0x000000076d100000, 0x0000000796d80000, 0x00000007c0000000)
  eden space 536576K, 53% used [0x000000076d100000,0x000000077eab6740,0x000000078dd00000)
  from space 43520K, 0% used [0x0000000791180000,0x0000000791180000,0x0000000793c00000)
  to   space 53760K, 0% used [0x000000078dd00000,0x000000078dd00000,0x0000000791180000)
 ParOldGen       total 374784K, used 94399K [0x00000006c7200000, 0x00000006de000000, 0x000000076d100000)
  object space 374784K, 25% used [0x00000006c7200000,0x00000006cce2fda0,0x00000006de000000)
 Metaspace       used 100944K, capacity 111542K, committed 111872K, reserved 1146880K
  class space    used 12266K, capacity 15254K, committed 15360K, reserved 1048576K
GC Heap History (10 events):
Event: 3,794 GC heap before
{Heap before GC invocations=10 (full 2):
 PSYoungGen      total 451584K, used 15352K [0x000000076d100000, 0x0000000790300000, 0x00000007c0000000)
  eden space 436224K, 0% used [0x000000076d100000,0x000000076d100000,0x0000000787b00000)
  from space 15360K, 99% used [0x000000078f400000,0x00000007902fe300,0x0000000790300000)
  to   space 43008K, 0% used [0x000000078af00000,0x000000078af00000,0x000000078d900000)
 ParOldGen       total 148480K, used 31964K [0x00000006c7200000, 0x00000006d0300000, 0x000000076d100000)
  object space 148480K, 21% used [0x00000006c7200000,0x00000006c91372d0,0x00000006d0300000)
 Metaspace       used 31993K, capacity 35402K, committed 35496K, reserved 1081344K
  class space    used 3590K, capacity 4561K, committed 4608K, reserved 1048576K
Event: 3,858 GC heap after
Heap after GC invocations=10 (full 2):
 PSYoungGen      total 451584K, used 0K [0x000000076d100000, 0x0000000790300000, 0x00000007c0000000)
  eden space 436224K, 0% used [0x000000076d100000,0x000000076d100000,0x0000000787b00000)
  from space 15360K, 0% used [0x000000078f400000,0x000000078f400000,0x0000000790300000)
  to   space 43008K, 0% used [0x000000078af00000,0x000000078af00000,0x000000078d900000)
 ParOldGen       total 199168K, used 39841K [0x00000006c7200000, 0x00000006d3480000, 0x000000076d100000)
  object space 199168K, 20% used [0x00000006c7200000,0x00000006c98e8780,0x00000006d3480000)
 Metaspace       used 31993K, capacity 35402K, committed 35496K, reserved 1081344K
  class space    used 3590K, capacity 4561K, committed 4608K, reserved 1048576K
}
Event: 5,077 GC heap before
{Heap before GC invocations=11 (full 2):
 PSYoungGen      total 451584K, used 138597K [0x000000076d100000, 0x0000000790300000, 0x00000007c0000000)
  eden space 436224K, 31% used [0x000000076d100000,0x0000000775859640,0x0000000787b00000)
  from space 15360K, 0% used [0x000000078f400000,0x000000078f400000,0x0000000790300000)
  to   space 43008K, 0% used [0x000000078af00000,0x000000078af00000,0x000000078d900000)
 ParOldGen       total 199168K, used 39841K [0x00000006c7200000, 0x00000006d3480000, 0x000000076d100000)
  object space 199168K, 20% used [0x00000006c7200000,0x00000006c98e8780,0x00000006d3480000)
 Metaspace       used 53325K, capacity 59082K, committed 59136K, reserved 1099776K
  class space    used 6124K, capacity 7893K, committed 7936K, reserved 1048576K
Event: 5,091 GC heap after
Heap after GC invocations=11 (full 2):
 PSYoungGen      total 532480K, used 29084K [0x000000076d100000, 0x0000000793c00000, 0x00000007c0000000)
  eden space 489472K, 0% used [0x000000076d100000,0x000000076d100000,0x000000078af00000)
  from space 43008K, 67% used [0x000000078af00000,0x000000078cb670f8,0x000000078d900000)
  to   space 43520K, 0% used [0x0000000791180000,0x0000000791180000,0x0000000793c00000)
 ParOldGen       total 199168K, used 39849K [0x00000006c7200000, 0x00000006d3480000, 0x000000076d100000)
  object space 199168K, 20% used [0x00000006c7200000,0x00000006c98ea780,0x00000006d3480000)
 Metaspace       used 53325K, capacity 59082K, committed 59136K, reserved 1099776K
  class space    used 6124K, capacity 7893K, committed 7936K, reserved 1048576K
}
Event: 5,091 GC heap before
{Heap before GC invocations=12 (full 3):
 PSYoungGen      total 532480K, used 29084K [0x000000076d100000, 0x0000000793c00000, 0x00000007c0000000)
  eden space 489472K, 0% used [0x000000076d100000,0x000000076d100000,0x000000078af00000)
  from space 43008K, 67% used [0x000000078af00000,0x000000078cb670f8,0x000000078d900000)
  to   space 43520K, 0% used [0x0000000791180000,0x0000000791180000,0x0000000793c00000)
 ParOldGen       total 199168K, used 39849K [0x00000006c7200000, 0x00000006d3480000, 0x000000076d100000)
  object space 199168K, 20% used [0x00000006c7200000,0x00000006c98ea780,0x00000006d3480000)
 Metaspace       used 53325K, capacity 59082K, committed 59136K, reserved 1099776K
  class space    used 6124K, capacity 7893K, committed 7936K, reserved 1048576K
Event: 5,273 GC heap after
Heap after GC invocations=12 (full 3):
 PSYoungGen      total 532480K, used 0K [0x000000076d100000, 0x0000000793c00000, 0x00000007c0000000)
  eden space 489472K, 0% used [0x000000076d100000,0x000000076d100000,0x000000078af00000)
  from space 43008K, 0% used [0x000000078af00000,0x000000078af00000,0x000000078d900000)
  to   space 43520K, 0% used [0x0000000791180000,0x0000000791180000,0x0000000793c00000)
 ParOldGen       total 268288K, used 58646K [0x00000006c7200000, 0x00000006d7800000, 0x000000076d100000)
  object space 268288K, 21% used [0x00000006c7200000,0x00000006cab45b78,0x00000006d7800000)
 Metaspace       used 53319K, capacity 59070K, committed 59136K, reserved 1099776K
  class space    used 6122K, capacity 7889K, committed 7936K, reserved 1048576K
}
Event: 7,585 GC heap before
{Heap before GC invocations=13 (full 3):
 PSYoungGen      total 532480K, used 271054K [0x000000076d100000, 0x0000000793c00000, 0x00000007c0000000)
  eden space 489472K, 55% used [0x000000076d100000,0x000000077d9b3b08,0x000000078af00000)
  from space 43008K, 0% used [0x000000078af00000,0x000000078af00000,0x000000078d900000)
  to   space 43520K, 0% used [0x0000000791180000,0x0000000791180000,0x0000000793c00000)
 ParOldGen       total 268288K, used 58646K [0x00000006c7200000, 0x00000006d7800000, 0x000000076d100000)
  object space 268288K, 21% used [0x00000006c7200000,0x00000006cab45b78,0x00000006d7800000)
 Metaspace       used 88570K, capacity 98464K, committed 98560K, reserved 1134592K
  class space    used 10888K, capacity 13745K, committed 13824K, reserved 1048576K
Event: 7,635 GC heap after
Heap after GC invocations=13 (full 3):
 PSYoungGen      total 580096K, used 43495K [0x000000076d100000, 0x0000000796d80000, 0x00000007c0000000)
  eden space 536576K, 0% used [0x000000076d100000,0x000000076d100000,0x000000078dd00000)
  from space 43520K, 99% used [0x0000000791180000,0x0000000793bf9f40,0x0000000793c00000)
  to   space 53760K, 0% used [0x000000078dd00000,0x000000078dd00000,0x0000000791180000)
 ParOldGen       total 268288K, used 70189K [0x00000006c7200000, 0x00000006d7800000, 0x000000076d100000)
  object space 268288K, 26% used [0x00000006c7200000,0x00000006cb68b4a0,0x00000006d7800000)
 Metaspace       used 88570K, capacity 98464K, committed 98560K, reserved 1134592K
  class space    used 10888K, capacity 13745K, committed 13824K, reserved 1048576K
}
Event: 7,635 GC heap before
{Heap before GC invocations=14 (full 4):
 PSYoungGen      total 580096K, used 43495K [0x000000076d100000, 0x0000000796d80000, 0x00000007c0000000)
  eden space 536576K, 0% used [0x000000076d100000,0x000000076d100000,0x000000078dd00000)
  from space 43520K, 99% used [0x0000000791180000,0x0000000793bf9f40,0x0000000793c00000)
  to   space 53760K, 0% used [0x000000078dd00000,0x000000078dd00000,0x0000000791180000)
 ParOldGen       total 268288K, used 70189K [0x00000006c7200000, 0x00000006d7800000, 0x000000076d100000)
  object space 268288K, 26% used [0x00000006c7200000,0x00000006cb68b4a0,0x00000006d7800000)
 Metaspace       used 88570K, capacity 98464K, committed 98560K, reserved 1134592K
  class space    used 10888K, capacity 13745K, committed 13824K, reserved 1048576K
Event: 7,740 GC heap after
Heap after GC invocations=14 (full 4):
 PSYoungGen      total 580096K, used 0K [0x000000076d100000, 0x0000000796d80000, 0x00000007c0000000)
  eden space 536576K, 0% used [0x000000076d100000,0x000000076d100000,0x000000078dd00000)
  from space 43520K, 0% used [0x0000000791180000,0x0000000791180000,0x0000000793c00000)
  to   space 53760K, 0% used [0x000000078dd00000,0x000000078dd00000,0x0000000791180000)
 ParOldGen       total 374784K, used 94399K [0x00000006c7200000, 0x00000006de000000, 0x000000076d100000)
  object space 374784K, 25% used [0x00000006c7200000,0x00000006cce2fda0,0x00000006de000000)
 Metaspace       used 88570K, capacity 98464K, committed 98560K, reserved 1134592K
  class space    used 10888K, capacity 13745K, committed 13824K, reserved 1048576K
}

