# JRE version: Java(TM) SE Runtime Environment (8.0_144-b01) (build 1.8.0_144-b01)
# Java VM: Java HotSpot(TM) 64-Bit Server VM (25.144-b01 mixed mode linux-amd64 compressed oops)
Heap:
 PSYoungGen      total 616448K, used 305319K [0x000000076d100000, 0x0000000798c00000, 0x00000007c0000000)
  eden space 568832K, 53% used [0x000000076d100000,0x000000077fb29f50,0x000000078fc80000)
  from space 47616K, 0% used [0x0000000793500000,0x0000000793500000,0x0000000796380000)
  to   space 57856K, 0% used [0x000000078fc80000,0x000000078fc80000,0x0000000793500000)
 ParOldGen       total 417280K, used 94885K [0x00000006c7200000, 0x00000006e0980000, 0x000000076d100000)
  object space 417280K, 22% used [0x00000006c7200000,0x00000006ccea96f0,0x00000006e0980000)
 Metaspace       used 100015K, capacity 110642K, committed 110848K, reserved 1144832K
  class space    used 12266K, capacity 15253K, committed 15360K, reserved 1048576K
GC Heap History (10 events):
Event: 3,384 GC heap before
{Heap before GC invocations=8 (full 2):
 PSYoungGen      total 432128K, used 15476K [0x000000076d100000, 0x0000000790900000, 0x00000007c0000000)
  eden space 416256K, 0% used [0x000000076d100000,0x000000076d100000,0x0000000786780000)
  from space 15872K, 97% used [0x000000078f980000,0x000000079089d0c8,0x0000000790900000)
  to   space 48640K, 0% used [0x000000078aa00000,0x000000078aa00000,0x000000078d980000)
 ParOldGen       total 174080K, used 47980K [0x00000006c7200000, 0x00000006d1c00000, 0x000000076d100000)
  object space 174080K, 27% used [0x00000006c7200000,0x00000006ca0db1a8,0x00000006d1c00000)
 Metaspace       used 32068K, capacity 35434K, committed 35496K, reserved 1081344K
  class space    used 3632K, capacity 4593K, committed 4608K, reserved 1048576K
Event: 3,442 GC heap after
Heap after GC invocations=8 (full 2):
 PSYoungGen      total 432128K, used 0K [0x000000076d100000, 0x0000000790900000, 0x00000007c0000000)
  eden space 416256K, 0% used [0x000000076d100000,0x000000076d100000,0x0000000786780000)
  from space 15872K, 0% used [0x000000078f980000,0x000000078f980000,0x0000000790900000)
  to   space 48640K, 0% used [0x000000078aa00000,0x000000078aa00000,0x000000078d980000)
 ParOldGen       total 216576K, used 39858K [0x00000006c7200000, 0x00000006d4580000, 0x000000076d100000)
  object space 216576K, 18% used [0x00000006c7200000,0x00000006c98ec940,0x00000006d4580000)
 Metaspace       used 32068K, capacity 35434K, committed 35496K, reserved 1081344K
  class space    used 3632K, capacity 4593K, committed 4608K, reserved 1048576K
}
Event: 4,640 GC heap before
{Heap before GC invocations=9 (full 2):
 PSYoungGen      total 432128K, used 133753K [0x000000076d100000, 0x0000000790900000, 0x00000007c0000000)
  eden space 416256K, 32% used [0x000000076d100000,0x000000077539e580,0x0000000786780000)
  from space 15872K, 0% used [0x000000078f980000,0x000000078f980000,0x0000000790900000)
  to   space 48640K, 0% used [0x000000078aa00000,0x000000078aa00000,0x000000078d980000)
 ParOldGen       total 216576K, used 39858K [0x00000006c7200000, 0x00000006d4580000, 0x000000076d100000)
  object space 216576K, 18% used [0x00000006c7200000,0x00000006c98ec940,0x00000006d4580000)
 Metaspace       used 53174K, capacity 58904K, committed 59136K, reserved 1099776K
  class space    used 6168K, capacity 7926K, committed 7936K, reserved 1048576K
Event: 4,656 GC heap after
Heap after GC invocations=9 (full 2):
 PSYoungGen      total 532992K, used 29018K [0x000000076d100000, 0x0000000796380000, 0x00000007c0000000)
  eden space 484352K, 0% used [0x000000076d100000,0x000000076d100000,0x000000078aa00000)
  from space 48640K, 59% used [0x000000078aa00000,0x000000078c656a20,0x000000078d980000)
  to   space 47616K, 0% used [0x0000000793500000,0x0000000793500000,0x0000000796380000)
 ParOldGen       total 216576K, used 39866K [0x00000006c7200000, 0x00000006d4580000, 0x000000076d100000)
  object space 216576K, 18% used [0x00000006c7200000,0x00000006c98ee940,0x00000006d4580000)
 Metaspace       used 53174K, capacity 58904K, committed 59136K, reserved 1099776K
  class space    used 6168K, capacity 7926K, committed 7936K, reserved 1048576K
}
Event: 4,656 GC heap before
{Heap before GC invocations=10 (full 3):
 PSYoungGen      total 532992K, used 29018K [0x000000076d100000, 0x0000000796380000, 0x00000007c0000000)
  eden space 484352K, 0% used [0x000000076d100000,0x000000076d100000,0x000000078aa00000)
  from space 48640K, 59% used [0x000000078aa00000,0x000000078c656a20,0x000000078d980000)
  to   space 47616K, 0% used [0x0000000793500000,0x0000000793500000,0x0000000796380000)
 ParOldGen       total 216576K, used 39866K [0x00000006c7200000, 0x00000006d4580000, 0x000000076d100000)
  object space 216576K, 18% used [0x00000006c7200000,0x00000006c98ee940,0x00000006d4580000)
 Metaspace       used 53174K, capacity 58904K, committed 59136K, reserved 1099776K
  class space    used 6168K, capacity 7926K, committed 7936K, reserved 1048576K
Event: 4,865 GC heap after
Heap after GC invocations=10 (full 3):
 PSYoungGen      total 532992K, used 0K [0x000000076d100000, 0x0000000796380000, 0x00000007c0000000)
  eden space 484352K, 0% used [0x000000076d100000,0x000000076d100000,0x000000078aa00000)
  from space 48640K, 0% used [0x000000078aa00000,0x000000078aa00000,0x000000078d980000)
  to   space 47616K, 0% used [0x0000000793500000,0x0000000793500000,0x0000000796380000)
 ParOldGen       total 295936K, used 58594K [0x00000006c7200000, 0x00000006d9300000, 0x000000076d100000)
  object space 295936K, 19% used [0x00000006c7200000,0x00000006cab38960,0x00000006d9300000)
 Metaspace       used 53170K, capacity 58894K, committed 59136K, reserved 1099776K
  class space    used 6167K, capacity 7923K, committed 7936K, reserved 1048576K
}
Event: 7,126 GC heap before
{Heap before GC invocations=11 (full 3):
 PSYoungGen      total 532992K, used 257074K [0x000000076d100000, 0x0000000796380000, 0x00000007c0000000)
  eden space 484352K, 53% used [0x000000076d100000,0x000000077cc0c860,0x000000078aa00000)
  from space 48640K, 0% used [0x000000078aa00000,0x000000078aa00000,0x000000078d980000)
  to   space 47616K, 0% used [0x0000000793500000,0x0000000793500000,0x0000000796380000)
 ParOldGen       total 295936K, used 58594K [0x00000006c7200000, 0x00000006d9300000, 0x000000076d100000)
  object space 295936K, 19% used [0x00000006c7200000,0x00000006cab38960,0x00000006d9300000)
 Metaspace       used 88391K, capacity 98346K, committed 98560K, reserved 1134592K
  class space    used 10979K, capacity 13813K, committed 13824K, reserved 1048576K
Event: 7,159 GC heap after
Heap after GC invocations=11 (full 3):
 PSYoungGen      total 616448K, used 47606K [0x000000076d100000, 0x0000000798c00000, 0x00000007c0000000)
  eden space 568832K, 0% used [0x000000076d100000,0x000000076d100000,0x000000078fc80000)
  from space 47616K, 99% used [0x0000000793500000,0x000000079637d968,0x0000000796380000)
  to   space 57856K, 0% used [0x000000078fc80000,0x000000078fc80000,0x0000000793500000)
 ParOldGen       total 295936K, used 66732K [0x00000006c7200000, 0x00000006d9300000, 0x000000076d100000)
  object space 295936K, 22% used [0x00000006c7200000,0x00000006cb32b0b0,0x00000006d9300000)
 Metaspace       used 88391K, capacity 98346K, committed 98560K, reserved 1134592K
  class space    used 10979K, capacity 13813K, committed 13824K, reserved 1048576K
}
Event: 7,159 GC heap before
{Heap before GC invocations=12 (full 4):
 PSYoungGen      total 616448K, used 47606K [0x000000076d100000, 0x0000000798c00000, 0x00000007c0000000)
  eden space 568832K, 0% used [0x000000076d100000,0x000000076d100000,0x000000078fc80000)
  from space 47616K, 99% used [0x0000000793500000,0x000000079637d968,0x0000000796380000)
  to   space 57856K, 0% used [0x000000078fc80000,0x000000078fc80000,0x0000000793500000)
 ParOldGen       total 295936K, used 66732K [0x00000006c7200000, 0x00000006d9300000, 0x000000076d100000)
  object space 295936K, 22% used [0x00000006c7200000,0x00000006cb32b0b0,0x00000006d9300000)
 Metaspace       used 88391K, capacity 98346K, committed 98560K, reserved 1134592K
  class space    used 10979K, capacity 13813K, committed 13824K, reserved 1048576K
Event: 7,247 GC heap after
Heap after GC invocations=12 (full 4):
 PSYoungGen      total 616448K, used 0K [0x000000076d100000, 0x0000000798c00000, 0x00000007c0000000)
  eden space 568832K, 0% used [0x000000076d100000,0x000000076d100000,0x000000078fc80000)
  from space 47616K, 0% used [0x0000000793500000,0x0000000793500000,0x0000000796380000)
  to   space 57856K, 0% used [0x000000078fc80000,0x000000078fc80000,0x0000000793500000)
 ParOldGen       total 417280K, used 94885K [0x00000006c7200000, 0x00000006e0980000, 0x000000076d100000)
  object space 417280K, 22% used [0x00000006c7200000,0x00000006ccea96f0,0x00000006e0980000)
 Metaspace       used 88386K, capacity 98334K, committed 98560K, reserved 1134592K
  class space    used 10978K, capacity 13811K, committed 13824K, reserved 1048576K
}

