# JRE version: Java(TM) SE Runtime Environment (8.0_144-b01) (build 1.8.0_144-b01)
# Java VM: Java HotSpot(TM) 64-Bit Server VM (25.144-b01 mixed mode linux-amd64 compressed oops)
Heap:
 PSYoungGen      total 609792K, used 274493K [0x000000076d100000, 0x0000000798c00000, 0x00000007c0000000)
  eden space 562176K, 48% used [0x000000076d100000,0x000000077dd0f458,0x000000078f600000)
  from space 47616K, 0% used [0x0000000792e80000,0x0000000792e80000,0x0000000795d00000)
  to   space 57856K, 0% used [0x000000078f600000,0x000000078f600000,0x0000000792e80000)
 ParOldGen       total 422400K, used 95410K [0x00000006c7200000, 0x00000006e0e80000, 0x000000076d100000)
  object space 422400K, 22% used [0x00000006c7200000,0x00000006ccf2c9f8,0x00000006e0e80000)
 Metaspace       used 99263K, capacity 109848K, committed 110120K, reserved 1144832K
  class space    used 12165K, capacity 15118K, committed 15144K, reserved 1048576K
GC Heap History (10 events):
Event: 3,980 GC heap before
{Heap before GC invocations=8 (full 2):
 PSYoungGen      total 432640K, used 15427K [0x000000076d100000, 0x0000000790880000, 0x00000007c0000000)
  eden space 416768K, 0% used [0x000000076d100000,0x000000076d100000,0x0000000786800000)
  from space 15872K, 97% used [0x000000078f900000,0x0000000790810d48,0x0000000790880000)
  to   space 48640K, 0% used [0x000000078a980000,0x000000078a980000,0x000000078d900000)
 ParOldGen       total 163328K, used 37198K [0x00000006c7200000, 0x00000006d1180000, 0x000000076d100000)
  object space 163328K, 22% used [0x00000006c7200000,0x00000006c9653b40,0x00000006d1180000)
 Metaspace       used 32031K, capacity 35434K, committed 35496K, reserved 1081344K
  class space    used 3627K, capacity 4593K, committed 4608K, reserved 1048576K
Event: 4,049 GC heap after
Heap after GC invocations=8 (full 2):
 PSYoungGen      total 432640K, used 0K [0x000000076d100000, 0x0000000790880000, 0x00000007c0000000)
  eden space 416768K, 0% used [0x000000076d100000,0x000000076d100000,0x0000000786800000)
  from space 15872K, 0% used [0x000000078f900000,0x000000078f900000,0x0000000790880000)
  to   space 48640K, 0% used [0x000000078a980000,0x000000078a980000,0x000000078d900000)
 ParOldGen       total 218112K, used 39764K [0x00000006c7200000, 0x00000006d4700000, 0x000000076d100000)
  object space 218112K, 18% used [0x00000006c7200000,0x00000006c98d50d8,0x00000006d4700000)
 Metaspace       used 32031K, capacity 35434K, committed 35496K, reserved 1081344K
  class space    used 3627K, capacity 4593K, committed 4608K, reserved 1048576K
}
Event: 5,403 GC heap before
{Heap before GC invocations=9 (full 2):
 PSYoungGen      total 432640K, used 134574K [0x000000076d100000, 0x0000000790880000, 0x00000007c0000000)
  eden space 416768K, 32% used [0x000000076d100000,0x000000077546b950,0x0000000786800000)
  from space 15872K, 0% used [0x000000078f900000,0x000000078f900000,0x0000000790880000)
  to   space 48640K, 0% used [0x000000078a980000,0x000000078a980000,0x000000078d900000)
 ParOldGen       total 218112K, used 39764K [0x00000006c7200000, 0x00000006d4700000, 0x000000076d100000)
  object space 218112K, 18% used [0x00000006c7200000,0x00000006c98d50d8,0x00000006d4700000)
 Metaspace       used 53213K, capacity 59024K, committed 59160K, reserved 1099776K
  class space    used 6165K, capacity 7981K, committed 8064K, reserved 1048576K
Event: 5,422 GC heap after
Heap after GC invocations=9 (full 2):
 PSYoungGen      total 532480K, used 29377K [0x000000076d100000, 0x0000000795d00000, 0x00000007c0000000)
  eden space 483840K, 0% used [0x000000076d100000,0x000000076d100000,0x000000078a980000)
  from space 48640K, 60% used [0x000000078a980000,0x000000078c6305b8,0x000000078d900000)
  to   space 47616K, 0% used [0x0000000792e80000,0x0000000792e80000,0x0000000795d00000)
 ParOldGen       total 218112K, used 39772K [0x00000006c7200000, 0x00000006d4700000, 0x000000076d100000)
  object space 218112K, 18% used [0x00000006c7200000,0x00000006c98d70d8,0x00000006d4700000)
 Metaspace       used 53213K, capacity 59024K, committed 59160K, reserved 1099776K
  class space    used 6165K, capacity 7981K, committed 8064K, reserved 1048576K
}
Event: 5,422 GC heap before
{Heap before GC invocations=10 (full 3):
 PSYoungGen      total 532480K, used 29377K [0x000000076d100000, 0x0000000795d00000, 0x00000007c0000000)
  eden space 483840K, 0% used [0x000000076d100000,0x000000076d100000,0x000000078a980000)
  from space 48640K, 60% used [0x000000078a980000,0x000000078c6305b8,0x000000078d900000)
  to   space 47616K, 0% used [0x0000000792e80000,0x0000000792e80000,0x0000000795d00000)
 ParOldGen       total 218112K, used 39772K [0x00000006c7200000, 0x00000006d4700000, 0x000000076d100000)
  object space 218112K, 18% used [0x00000006c7200000,0x00000006c98d70d8,0x00000006d4700000)
 Metaspace       used 53213K, capacity 59024K, committed 59160K, reserved 1099776K
  class space    used 6165K, capacity 7981K, committed 8064K, reserved 1048576K
Event: 5,670 GC heap after
Heap after GC invocations=10 (full 3):
 PSYoungGen      total 532480K, used 0K [0x000000076d100000, 0x0000000795d00000, 0x00000007c0000000)
  eden space 483840K, 0% used [0x000000076d100000,0x000000076d100000,0x000000078a980000)
  from space 48640K, 0% used [0x000000078a980000,0x000000078a980000,0x000000078d900000)
  to   space 47616K, 0% used [0x0000000792e80000,0x0000000792e80000,0x0000000795d00000)
 ParOldGen       total 299520K, used 58858K [0x00000006c7200000, 0x00000006d9680000, 0x000000076d100000)
  object space 299520K, 19% used [0x00000006c7200000,0x00000006cab7aae0,0x00000006d9680000)
 Metaspace       used 53210K, capacity 59016K, committed 59160K, reserved 1099776K
  class space    used 6164K, capacity 7979K, committed 8064K, reserved 1048576K
}
Event: 8,175 GC heap before
{Heap before GC invocations=11 (full 3):
 PSYoungGen      total 532480K, used 258510K [0x000000076d100000, 0x0000000795d00000, 0x00000007c0000000)
  eden space 483840K, 53% used [0x000000076d100000,0x000000077cd73a08,0x000000078a980000)
  from space 48640K, 0% used [0x000000078a980000,0x000000078a980000,0x000000078d900000)
  to   space 47616K, 0% used [0x0000000792e80000,0x0000000792e80000,0x0000000795d00000)
 ParOldGen       total 299520K, used 58858K [0x00000006c7200000, 0x00000006d9680000, 0x000000076d100000)
  object space 299520K, 19% used [0x00000006c7200000,0x00000006cab7aae0,0x00000006d9680000)
 Metaspace       used 88565K, capacity 98576K, committed 98600K, reserved 1134592K
  class space    used 10967K, capacity 13847K, committed 13864K, reserved 1048576K
Event: 8,229 GC heap after
Heap after GC invocations=11 (full 3):
 PSYoungGen      total 609792K, used 47612K [0x000000076d100000, 0x0000000798c00000, 0x00000007c0000000)
  eden space 562176K, 0% used [0x000000076d100000,0x000000076d100000,0x000000078f600000)
  from space 47616K, 99% used [0x0000000792e80000,0x0000000795cff120,0x0000000795d00000)
  to   space 57856K, 0% used [0x000000078f600000,0x000000078f600000,0x0000000792e80000)
 ParOldGen       total 299520K, used 67173K [0x00000006c7200000, 0x00000006d9680000, 0x000000076d100000)
  object space 299520K, 22% used [0x00000006c7200000,0x00000006cb3996e0,0x00000006d9680000)
 Metaspace       used 88565K, capacity 98576K, committed 98600K, reserved 1134592K
  class space    used 10967K, capacity 13847K, committed 13864K, reserved 1048576K
}
Event: 8,229 GC heap before
{Heap before GC invocations=12 (full 4):
 PSYoungGen      total 609792K, used 47612K [0x000000076d100000, 0x0000000798c00000, 0x00000007c0000000)
  eden space 562176K, 0% used [0x000000076d100000,0x000000076d100000,0x000000078f600000)
  from space 47616K, 99% used [0x0000000792e80000,0x0000000795cff120,0x0000000795d00000)
  to   space 57856K, 0% used [0x000000078f600000,0x000000078f600000,0x0000000792e80000)
 ParOldGen       total 299520K, used 67173K [0x00000006c7200000, 0x00000006d9680000, 0x000000076d100000)
  object space 299520K, 22% used [0x00000006c7200000,0x00000006cb3996e0,0x00000006d9680000)
 Metaspace       used 88565K, capacity 98576K, committed 98600K, reserved 1134592K
  class space    used 10967K, capacity 13847K, committed 13864K, reserved 1048576K
Event: 8,324 GC heap after
Heap after GC invocations=12 (full 4):
 PSYoungGen      total 609792K, used 0K [0x000000076d100000, 0x0000000798c00000, 0x00000007c0000000)
  eden space 562176K, 0% used [0x000000076d100000,0x000000076d100000,0x000000078f600000)
  from space 47616K, 0% used [0x0000000792e80000,0x0000000792e80000,0x0000000795d00000)
  to   space 57856K, 0% used [0x000000078f600000,0x000000078f600000,0x0000000792e80000)
 ParOldGen       total 422400K, used 95410K [0x00000006c7200000, 0x00000006e0e80000, 0x000000076d100000)
  object space 422400K, 22% used [0x00000006c7200000,0x00000006ccf2c9f8,0x00000006e0e80000)
 Metaspace       used 88565K, capacity 98576K, committed 98600K, reserved 1134592K
  class space    used 10967K, capacity 13847K, committed 13864K, reserved 1048576K
}

